<?xml version="1.0" encoding="UTF-8"?>
<!-- Generated by org.testng.reporters.JUnitXMLReporter -->
<testsuite ignored="2" hostname="Karthi" failures="0" tests="1" name="Default test" time="30.835" errors="0" timestamp="2025-12-17T10:01:26 IST">
  <testcase classname="TestScripts.Module1_Login" name="verify_login_with_valid_data" time="30.754"/>
  <testcase classname="TestScripts.Module1_Login" name="verify_login_without_data" time="0.0">
    <ignored/>
  </testcase> <!-- verify_login_without_data -->
  <testcase classname="TestScripts.Module1_Login" name="verify_login_with_invalid_data" time="0.0">
    <ignored/>
  </testcase> <!-- verify_login_with_invalid_data -->
</testsuite> <!-- Default test -->
