<?xml version="1.0" encoding="UTF-8"?>
<!-- Generated by org.testng.reporters.JUnitXMLReporter -->
<testsuite ignored="1" hostname="Karthi" failures="0" tests="4" name="Test" time="92.028" errors="0" timestamp="2025-12-17T09:02:02 IST">
  <testcase classname="TestScripts.Module1_Login" name="verify_login_with_valid_data" time="24.224"/>
  <testcase classname="TestScripts.Module1_Login" name="verify_login_with_invalid_data" time="25.193"/>
  <testcase classname="TestScripts.Module1_Login" name="verify_login_without_data" time="18.227"/>
  <testcase classname="TestScripts.Module2_Pim" name="verify_add_employee_without_credentials" time="24.298"/>
  <testcase classname="genericLib.BaseClass" name="@BeforeSuite beforeSuite" time="0.0">
    <ignored/>
  </testcase> <!-- @BeforeSuite beforeSuite -->
</testsuite> <!-- Test -->
