<?xml version="1.0" encoding="UTF-8"?>
<!-- Generated by org.testng.reporters.JUnitXMLReporter -->
<testsuite ignored="1" hostname="Karthi" failures="0" tests="4" name="Test" time="68.975" errors="0" timestamp="2025-12-17T09:11:44 IST">
  <testcase classname="TestScripts.Module1_Login" name="verify_login_with_valid_data" time="19.058"/>
  <testcase classname="TestScripts.Module1_Login" name="verify_login_with_invalid_data" time="17.157"/>
  <testcase classname="TestScripts.Module1_Login" name="verify_login_without_data" time="14.87"/>
  <testcase classname="TestScripts.Module2_Pim" name="verify_add_employee_without_credentials" time="17.825"/>
  <testcase classname="genericLib.BaseClass" name="@BeforeSuite beforeSuite" time="0.0">
    <ignored/>
  </testcase> <!-- @BeforeSuite beforeSuite -->
</testsuite> <!-- Test -->
