<?xml version="1.0" encoding="UTF-8"?>
<testsuite xmlns:xsi="http://www.w3.org/2001/XMLSchema-instance" xsi:noNamespaceSchemaLocation="https://maven.apache.org/surefire/maven-surefire-plugin/xsd/surefire-test-report-3.0.xsd" version="3.0" name="TestSuite" time="70.746" tests="4" errors="0" skipped="0" failures="0">
  <properties>
[...]
</properties>
  <testcase name="verify_login_with_valid_data" classname="TestScripts.Module1_Login" time="19.04">
    <system-out><![CDATA[09:10:35 INFO  [HeaderLogger] - 
09:10:35 INFO  [HeaderLogger] - --------  verify_login_with_valid_data  --------
09:10:35 INFO  [HeaderLogger] - 
09:10:37 INFO  [WebUtils] - CHROME is launched
09:10:38 INFO  [WebUtils] - Browser is maximised
09:10:44 INFO  [WebUtils] - Navigated to https://opensource-demo.orangehrmlive.com/
09:10:45 INFO  [WebUtils] - Implicit wait set to 5 seconds
09:10:46 INFO  [WebUtils] - Locator used : xpath=//H5[.='Login']
09:10:46 INFO  [WebUtils] - Login text is displayed
09:10:47 INFO  [WebUtils] - Locator used : xpath=//INPUT[normalize-space(@placeholder)='Username']
09:10:47 INFO  [WebUtils] - Entered Admin into Username textfield
09:10:48 INFO  [WebUtils] - Locator used : xpath=//INPUT[normalize-space(@placeholder)='Password']
09:10:48 INFO  [WebUtils] - Entered admin123 into Password textfield
09:10:49 INFO  [WebUtils] - Locator used : xpath=//BUTTON[normalize-space(.)='Login']
09:10:49 INFO  [WebUtils] - clicked on Login button
09:10:51 INFO  [WebUtils] - Locator used : xpath=//H6[.='Dashboard']
09:10:51 INFO  [WebUtils] - Dashboard text is displayed
09:10:53 INFO  [WebUtils] - Browser is closed
]]></system-out>
    <system-err><![CDATA[SLF4J(W): No SLF4J providers were found.
SLF4J(W): Defaulting to no-operation (NOP) logger implementation
SLF4J(W): See https://www.slf4j.org/codes.html#noProviders for further details.
Dec 17, 2025 9:10:37 AM org.openqa.selenium.devtools.CdpVersionFinder findNearestMatch
WARNING: Unable to find CDP implementation matching 143
]]></system-err>
  </testcase>
  <testcase name="verify_login_with_invalid_data" classname="TestScripts.Module1_Login" time="17.148">
    <system-out><![CDATA[09:10:54 INFO  [HeaderLogger] - 
09:10:54 INFO  [HeaderLogger] - --------  verify_login_with_invalid_data  --------
09:10:54 INFO  [HeaderLogger] - 
09:10:55 INFO  [WebUtils] - CHROME is launched
09:10:56 INFO  [WebUtils] - Browser is maximised
09:11:01 INFO  [WebUtils] - Navigated to https://opensource-demo.orangehrmlive.com/
09:11:02 INFO  [WebUtils] - Implicit wait set to 5 seconds
09:11:03 INFO  [WebUtils] - Locator used : xpath=//H5[.='Login']
09:11:03 INFO  [WebUtils] - Login text is displayed
09:11:04 INFO  [WebUtils] - Locator used : xpath=//INPUT[normalize-space(@placeholder)='Username']
09:11:04 INFO  [WebUtils] - Entered Admin into Username textfield
09:11:06 INFO  [WebUtils] - Locator used : xpath=//INPUT[normalize-space(@placeholder)='Password']
09:11:06 INFO  [WebUtils] - Entered admin into Password textfield
09:11:07 INFO  [WebUtils] - Locator used : xpath=//BUTTON[normalize-space(.)='Login']
09:11:07 INFO  [WebUtils] - clicked on Login button
09:11:09 INFO  [WebUtils] - Locator used : xpath=//P[.='Invalid credentials']
09:11:09 INFO  [WebUtils] - Invalid credentials text is displayed
09:11:10 INFO  [WebUtils] - Browser is closed
]]></system-out>
    <system-err><![CDATA[Dec 17, 2025 9:10:55 AM org.openqa.selenium.devtools.CdpVersionFinder findNearestMatch
WARNING: Unable to find CDP implementation matching 143
]]></system-err>
  </testcase>
  <testcase name="verify_login_without_data" classname="TestScripts.Module1_Login" time="14.867">
    <system-out><![CDATA[09:11:11 INFO  [HeaderLogger] - 
09:11:11 INFO  [HeaderLogger] - --------  verify_login_without_data  --------
09:11:11 INFO  [HeaderLogger] - 
09:11:12 INFO  [WebUtils] - CHROME is launched
09:11:13 INFO  [WebUtils] - Browser is maximised
09:11:18 INFO  [WebUtils] - Navigated to https://opensource-demo.orangehrmlive.com/
09:11:19 INFO  [WebUtils] - Implicit wait set to 5 seconds
09:11:20 INFO  [WebUtils] - Locator used : xpath=//H5[.='Login']
09:11:20 INFO  [WebUtils] - Login text is displayed
09:11:21 INFO  [WebUtils] - Locator used : xpath=//BUTTON[normalize-space(.)='Login']
09:11:21 INFO  [WebUtils] - clicked on Login button
09:11:22 INFO  [WebUtils] - Locator used : xpath=//DIV[DIV[LABEL[.='Username']]]/descendant::SPAN[.='Required']
09:11:22 INFO  [WebUtils] - Username Required text is displayed
09:11:23 INFO  [WebUtils] - Locator used : xpath=//LABEL[.='Password']/following::SPAN[.='Required']
09:11:23 INFO  [WebUtils] - Password Required text is displayed
09:11:25 INFO  [WebUtils] - Browser is closed
]]></system-out>
    <system-err><![CDATA[Dec 17, 2025 9:11:12 AM org.openqa.selenium.devtools.CdpVersionFinder findNearestMatch
WARNING: Unable to find CDP implementation matching 143
]]></system-err>
  </testcase>
  <testcase name="verify_add_employee_without_credentials" classname="TestScripts.Module2_Pim" time="17.822">
    <system-out><![CDATA[09:11:26 INFO  [HeaderLogger] - 
09:11:26 INFO  [HeaderLogger] - --------  verify_add_employee_without_credentials  --------
09:11:26 INFO  [HeaderLogger] - 
09:11:27 INFO  [WebUtils] - CHROME is launched
09:11:27 INFO  [WebUtils] - Browser is maximised
09:11:31 INFO  [WebUtils] - Navigated to https://opensource-demo.orangehrmlive.com/
09:11:31 INFO  [WebUtils] - Implicit wait set to 5 seconds
09:11:32 INFO  [WebUtils] - Locator used : xpath=//H5[.='Login']
09:11:32 INFO  [WebUtils] - Login text is displayed
09:11:32 INFO  [WebUtils] - Locator used : xpath=//INPUT[normalize-space(@placeholder)='Username']
09:11:32 INFO  [WebUtils] - Entered Admin into Username textfield
09:11:32 INFO  [WebUtils] - Locator used : xpath=//INPUT[normalize-space(@placeholder)='Password']
09:11:32 INFO  [WebUtils] - Entered admin123 into Password textfield
09:11:32 INFO  [WebUtils] - Locator used : xpath=//BUTTON[normalize-space(.)='Login']
09:11:32 INFO  [WebUtils] - clicked on Login button
09:11:34 INFO  [WebUtils] - Locator used : xpath=//H6[.='Dashboard']
09:11:34 INFO  [WebUtils] - Dashboard text is displayed
09:11:34 INFO  [WebUtils] - Locator used : xpath=//A[@href='/web/index.php/pim/viewPimModule']
09:11:36 INFO  [WebUtils] - clicked on PIM link
09:11:36 INFO  [WebUtils] - Locator used : xpath=//H6[.='PIM']
09:11:36 INFO  [WebUtils] - PIM text is displayed
09:11:36 INFO  [WebUtils] - Locator used : xpath=//A[normalize-space(.)='Add Employee']
09:11:37 INFO  [WebUtils] - clicked on Add Employee link
09:11:37 INFO  [WebUtils] - Locator used : xpath=//H6[.='Add Employee']
09:11:37 INFO  [WebUtils] - Add Employee text is displayed
09:11:37 INFO  [WebUtils] - Locator used : xpath=//INPUT[normalize-space(@placeholder)='First Name']
09:11:37 INFO  [WebUtils] - Entered Demo into First Name textfield
09:11:38 INFO  [WebUtils] - Locator used : xpath=//INPUT[normalize-space(@placeholder)='Middle Name']
09:11:38 INFO  [WebUtils] - Entered Test into Middle Name textfield
09:11:38 INFO  [WebUtils] - Locator used : xpath=//INPUT[normalize-space(@placeholder)='Last Name']
09:11:38 INFO  [WebUtils] - Entered User into Last Name textfield
09:11:38 INFO  [WebUtils] - Locator used : xpath=//DIV[contains(@class,'oxd-input-group oxd-input-field-bottom-space')]/descendant-or-self::INPUT[@class='oxd-input oxd-input--active']
09:11:38 INFO  [WebUtils] - Entered 1234 into EmployeeID textfield
09:11:38 INFO  [WebUtils] - Locator used : xpath=//BUTTON[normalize-space(.)='Save']
09:11:38 INFO  [WebUtils] - clicked on Save button
09:11:40 INFO  [WebUtils] - Locator used : xpath=//P[.='Successfully Saved']
09:11:40 INFO  [WebUtils] - Successfully Saved text is displayed
09:11:43 INFO  [WebUtils] - Locator used : xpath=//H6[.='Personal Details']
09:11:43 INFO  [WebUtils] - Personal Details text is displayed
09:11:44 INFO  [WebUtils] - Browser is closed
]]></system-out>
    <system-err><![CDATA[Dec 17, 2025 9:11:27 AM org.openqa.selenium.devtools.CdpVersionFinder findNearestMatch
WARNING: Unable to find CDP implementation matching 143
]]></system-err>
  </testcase>
</testsuite>