<?xml version="1.0" encoding="UTF-8"?>
<testng-results ignored="2" total="3" passed="1" failed="0" skipped="0">
  <reporter-output>
  </reporter-output>
  <suite started-at="2025-12-17T10:00:55 IST" name="Default suite" finished-at="2025-12-17T10:01:26 IST" duration-ms="30835">
    <groups>
    </groups>
    <test started-at="2025-12-17T10:00:55 IST" name="Default test" finished-at="2025-12-17T10:01:26 IST" duration-ms="30835">
      <class name="TestScripts.Module1_Login">
        <test-method is-config="true" signature="beforeSuite()[pri:0, instance:TestScripts.Module1_Login@1b955cac]" started-at="2025-12-17T10:00:55 IST" name="beforeSuite" finished-at="2025-12-17T10:00:55 IST" duration-ms="22" status="PASS">
          <reporter-output>
          </reporter-output>
        </test-method> <!-- beforeSuite -->
        <test-method signature="verify_login_with_valid_data()[pri:1, instance:TestScripts.Module1_Login@1b955cac]" started-at="2025-12-17T10:00:55 IST" name="verify_login_with_valid_data" finished-at="2025-12-17T10:01:26 IST" duration-ms="30754" status="PASS">
          <reporter-output>
          </reporter-output>
        </test-method> <!-- verify_login_with_valid_data -->
      </class> <!-- TestScripts.Module1_Login -->
    </test> <!-- Default test -->
  </suite> <!-- Default suite -->
</testng-results>
