<?xml version="1.0" encoding="UTF-8"?>
<!-- Generated by org.testng.reporters.JUnitReportReporter -->
<testsuite hostname="Karthi" failures="0" tests="3" name="TestScripts.Module1_Login" time="51.085" errors="0" timestamp="2025-12-17T09:11:44 IST" skipped="0">
  <testcase classname="TestScripts.Module1_Login" name="verify_login_with_valid_data" time="19.058"/>
  <testcase classname="TestScripts.Module1_Login" name="verify_login_with_invalid_data" time="17.157"/>
  <testcase classname="TestScripts.Module1_Login" name="verify_login_without_data" time="14.870"/>
</testsuite> <!-- TestScripts.Module1_Login -->
